
--- Job WASH.gms Start 04/12/19 16:49:07 24.1.3 r41464 WEX-WEI x86_64/MS Windows
GAMS 24.1.3   Copyright (C) 1987-2013 GAMS Development. All rights reserved
Licensee: Utah Water Research Laboratory (5 user)        G140130:1517AV-GEN
          Utah State University                                      DC7087
          License for teaching and research at degree granting institutions
--- Starting compilation
--- WASH.gms(218) 2 Mb
--- call GDXXRW.EXE input=WASH_1yr_InputData.xlsx output=WASH-Data.gdx  Set=t rng=Month!A1:A12 Rdim=1  Set=s rng=SubInd!A1:A100 Rdim=1 set=y rng=FishSpp!A1:A10 Rdim=1 set=n rng=VegSpp!A1:A10 Rdim=1 Set=j rng=Nodes!A1:A100 Rdim=1 Set=wt rng=Wetlands!A1:A10

GDXXRW           24.1.3 r41464 Released Jul 26, 2013 VS8 x86/MS Windows       
Input file : C:\Rosenberg\Work\USU\Research\CAREER\WASH-Model\InputDataModel\WASH_1yr_InputData.xlsx
Output file: C:\Rosenberg\Work\USU\Research\CAREER\WASH-Model\InputDataModel\WASH-Data.gdx
Total time = 4399 Ms
--- WASH.gms(238) 2 Mb
--- GDXin=C:\Rosenberg\Work\USU\Research\CAREER\WASH-Model\InputDataModel\WASH-Data.gdx
--- WASH.gms(602) 3 Mb
--- Starting execution: elapsed 0:00:04.635
--- WASH.gms(529) 4 Mb
--- Generating NLP model WASH
--- WASH.gms(559) 8 Mb
---   5,880 rows  5,005 columns  12,097 non-zeroes
---   6,734 nl-code  1,685 nl-non-zeroes
--- WASH.gms(559) 6 Mb
--- Executing CONOPT: elapsed 0:00:04.713
CONOPT 3         24.1.3 r41464 Released Jul 26, 2013 WEI x86_64/MS Windows    
 
 
    C O N O P T 3   version 3.15L
    Copyright (C)   ARKI Consulting and Development A/S
                    Bagsvaerdvej 246 A
                    DK-2880 Bagsvaerd, Denmark
 
 
   Iter Phase Ninf   Infeasibility   RGmax    NSB   Step InItr MX OK
      0   0        7.4283542164E+03 (Input point)
                                Pre-triangular equations:      271
                                Post-triangular equations:    3281
      1   0        6.6920410900E+03 (After pre-processing)
      2   0        6.0188272829E+02 (After scaling)
      3   0    80  7.6326924358E+01               1.0E+00      F  T
      4   1    78  7.5447843146E+01 4.7E+00     2 1.0E+00    3 T  T
      5   1    70  7.2576715843E+01 4.5E+00    26 1.0E+00    8 T  T
      6   1    60  6.4634693910E+01 1.7E+00    18 1.0E+00   13 T  T
      7   1    44  5.4188825792E+01 1.5E+00    18 1.0E+00   18 T  T
 
   Iter Phase Ninf   Infeasibility   RGmax    NSB   Step InItr MX OK
      8   1    31  3.7110854461E+01 4.0E+00    41 1.0E+00   23 T  T
      9   1    15  2.0118368755E+01 2.0E+00    30 1.0E+00   28 T  T
     10   1     4  4.1090915076E+00 2.6E-01    42 1.0E+00   33 T  T
     11   1     1  1.0965570584E-01 1.4E-01    12 1.0E+00   11 T  T
 
 ** Feasible solution. Value of objective =    436.016018987
 
   Iter Phase Ninf     Objective     RGmax    NSB   Step InItr MX OK
     12   3        4.3623835807E+02 3.1E-01    16 1.0E+00   13 T  T
     13   3        4.3773978594E+02 3.1E-01    30 1.0E+00   18 T  T
     14   3        4.4407011702E+02 1.6E-01    48 1.0E+00   23 T  T
     15   3        4.4682988480E+02 1.3E+00    70 1.0E+00   24 T  T
     16   3        4.5218345739E+02 1.4E-01    61 1.0E+00   28 T  T
     17   3        4.6641413496E+02 4.0E+00    38 1.0E+00   31 T  T
     18   3        4.7649892634E+02 2.3E+00    31 1.0E+00   31 T  T
     19   3        4.8847316066E+02 6.1E-01    32 1.0E+00   34 T  T
     20   3        4.9175757087E+02 2.3E-01    29 1.0E+00   29 T  T
     21   3        4.9178709759E+02 6.2E-02     5 3.0E-01    5 F  T
 
   Iter Phase Ninf     Objective     RGmax    NSB   Step InItr MX OK
     22   3        4.9178813825E+02 6.0E-03     5 1.4E-01    5 F  T
     23   3        4.9178874782E+02 8.9E-03     5 1.4E+01      F  T
     24   3        4.9178927773E+02 2.3E-03     5 6.3E+01      F  T
     25   4        4.9179068922E+02 6.1E-03     5 8.9E-01      F  T
     26   4        4.9179140036E+02 3.9E-03   329 1.0E+00    4 F  T
     27   4        4.9179145256E+02 2.1E-04   329 1.0E+00    5 F  T
     28   4        4.9179145340E+02 2.6E-05   329 1.0E+00    2 F  T
     29   4        4.9179145340E+02 5.3E-07   329 1.0E+00    1 F  T
     30   4        4.9179145340E+02 1.4E-09   329
 
 ** Optimal solution. Reduced gradient less than tolerance.
 
--- Restarting execution
--- WASH.gms(559) 3 Mb
--- Reading solution for model WASH
--- WASH.gms(559) 3 Mb
--- Executing after solve: elapsed 0:00:04.948
--- WASH.gms(598) 4 Mb
GDX2XLS          24.1.3 r41464 Released Jul 26, 2013 VS8 x86/MS Windows       
*** Status: Normal completion
--- Job WASH.gms Stop 04/12/19 16:49:19 elapsed 0:00:12.114
